<?xml version="1.0" encoding="UTF-8"?>
<!-- Generated by org.testng.reporters.JUnitXMLReporter -->
<testsuite hostname="Nazmuls-MBP.ht.home" ignored="19" name="Default test" tests="1" failures="0" timestamp="2023-12-06T21:29:56 EST" time="14.397" errors="0">
  <testcase name="@BeforeMethod intitiateBrowser" time="14.354" classname="take_Home_WebDriver_Test.reusableBaseTestComponents.ReusableBaseTest">
    <failure type="org.openqa.selenium.SessionNotCreatedException" message="Could not start a new session. Response code 500. Message: session not created: This version of ChromeDriver only supports Chrome version 114
Current browser version is 120.0.6099.62 with binary path /Applications/Google Chrome.app/Contents/MacOS/Google Chrome 
Host info: host: &amp;apos;Nazmuls-MBP.ht.home&amp;apos;, ip: &amp;apos;2607:9880:18a0:3e:0:0:0:4a09%en0&amp;apos;
Build info: version: &amp;apos;4.13.0&amp;apos;, revision: &amp;apos;ba948ece5b*&amp;apos;
System info: os.name: &amp;apos;Mac OS X&amp;apos;, os.arch: &amp;apos;x86_64&amp;apos;, os.version: &amp;apos;14.0&amp;apos;, java.version: &amp;apos;1.8.0_391&amp;apos;
Driver info: org.openqa.selenium.chrome.ChromeDriver
Command: [null, newSession {capabilities=[Capabilities {browserName: chrome, goog:chromeOptions: {args: [--remote-allow-origins=*], extensions: []}}]}]">
      <![CDATA[org.openqa.selenium.SessionNotCreatedException: Could not start a new session. Response code 500. Message: session not created: This version of ChromeDriver only supports Chrome version 114
Current browser version is 120.0.6099.62 with binary path /Applications/Google Chrome.app/Contents/MacOS/Google Chrome 
Host info: host: 'Nazmuls-MBP.ht.home', ip: '2607:9880:18a0:3e:0:0:0:4a09%en0'
Build info: version: '4.13.0', revision: 'ba948ece5b*'
System info: os.name: 'Mac OS X', os.arch: 'x86_64', os.version: '14.0', java.version: '1.8.0_391'
Driver info: org.openqa.selenium.chrome.ChromeDriver
Command: [null, newSession {capabilities=[Capabilities {browserName: chrome, goog:chromeOptions: {args: [--remote-allow-origins=*], extensions: []}}]}]
at org.openqa.selenium.remote.ProtocolHandshake.createSession(ProtocolHandshake.java:140)
at org.openqa.selenium.remote.ProtocolHandshake.createSession(ProtocolHandshake.java:96)
at org.openqa.selenium.remote.ProtocolHandshake.createSession(ProtocolHandshake.java:68)
at org.openqa.selenium.remote.HttpCommandExecutor.execute(HttpCommandExecutor.java:163)
at org.openqa.selenium.remote.service.DriverCommandExecutor.invokeExecute(DriverCommandExecutor.java:196)
at org.openqa.selenium.remote.service.DriverCommandExecutor.execute(DriverCommandExecutor.java:171)
at org.openqa.selenium.remote.RemoteWebDriver.execute(RemoteWebDriver.java:602)
at org.openqa.selenium.remote.RemoteWebDriver.startSession(RemoteWebDriver.java:236)
at org.openqa.selenium.remote.RemoteWebDriver.<init>(RemoteWebDriver.java:163)
at org.openqa.selenium.chromium.ChromiumDriver.<init>(ChromiumDriver.java:108)
at org.openqa.selenium.chrome.ChromeDriver.<init>(ChromeDriver.java:88)
at org.openqa.selenium.chrome.ChromeDriver.<init>(ChromeDriver.java:83)
at org.openqa.selenium.chrome.ChromeDriver.<init>(ChromeDriver.java:51)
at take_Home_WebDriver_Test.reusableBaseTestComponents.ReusableBaseTest.intitiateBrowser(ReusableBaseTest.java:38)
at sun.reflect.NativeMethodAccessorImpl.invoke0(Native Method)
at sun.reflect.NativeMethodAccessorImpl.invoke(NativeMethodAccessorImpl.java:62)
at sun.reflect.DelegatingMethodAccessorImpl.invoke(DelegatingMethodAccessorImpl.java:43)
at java.lang.reflect.Method.invoke(Method.java:498)
at org.testng.internal.MethodInvocationHelper.invokeMethod(MethodInvocationHelper.java:133)
at org.testng.internal.MethodInvocationHelper.invokeMethodConsideringTimeout(MethodInvocationHelper.java:62)
at org.testng.internal.ConfigInvoker.invokeConfigurationMethod(ConfigInvoker.java:385)
at org.testng.internal.ConfigInvoker.invokeConfigurations(ConfigInvoker.java:321)
at org.testng.internal.TestInvoker.runConfigMethods(TestInvoker.java:700)
at org.testng.internal.TestInvoker.invokeMethod(TestInvoker.java:527)
at org.testng.internal.TestInvoker.invokeTestMethod(TestInvoker.java:173)
at org.testng.internal.MethodRunner.runInSequence(MethodRunner.java:46)
at org.testng.internal.TestInvoker$MethodInvocationAgent.invoke(TestInvoker.java:824)
at org.testng.internal.TestInvoker.invokeTestMethods(TestInvoker.java:146)
at org.testng.internal.TestMethodWorker.invokeTestMethods(TestMethodWorker.java:146)
at org.testng.internal.TestMethodWorker.run(TestMethodWorker.java:128)
at java.util.ArrayList.forEach(ArrayList.java:1259)
at org.testng.TestRunner.privateRun(TestRunner.java:794)
at org.testng.TestRunner.run(TestRunner.java:596)
at org.testng.SuiteRunner.runTest(SuiteRunner.java:377)
at org.testng.SuiteRunner.runSequentially(SuiteRunner.java:371)
at org.testng.SuiteRunner.privateRun(SuiteRunner.java:332)
at org.testng.SuiteRunner.run(SuiteRunner.java:276)
at org.testng.SuiteRunnerWorker.runSuite(SuiteRunnerWorker.java:53)
at org.testng.SuiteRunnerWorker.run(SuiteRunnerWorker.java:96)
at org.testng.TestNG.runSuitesSequentially(TestNG.java:1212)
at org.testng.TestNG.runSuitesLocally(TestNG.java:1134)
at org.testng.TestNG.runSuites(TestNG.java:1063)
at org.testng.TestNG.run(TestNG.java:1031)
at org.testng.remote.AbstractRemoteTestNG.run(AbstractRemoteTestNG.java:115)
at org.testng.remote.RemoteTestNG.initAndRun(RemoteTestNG.java:251)
at org.testng.remote.RemoteTestNG.main(RemoteTestNG.java:77)
]]>
    </failure>
  </testcase> <!-- @BeforeMethod intitiateBrowser -->
  <testcase name="@AfterMethod tearBrowser" time="-1.701916196084E9" classname="take_Home_WebDriver_Test.reusableBaseTestComponents.ReusableBaseTest">
    <skipped/>
  </testcase> <!-- @AfterMethod tearBrowser -->
  <testcase name="testCase_01_loginSuccessful" time="0.0" classname="take_Home_WebDriver_Test.testCasePackage.WebDriverTest_01">
    <skipped/>
  </testcase> <!-- testCase_01_loginSuccessful -->
  <testcase name="testCase_11_File_Upload" time="0.0" classname="take_Home_WebDriver_Test.testCasePackage.WebDriverTest_01">
    <ignored/>
  </testcase> <!-- testCase_11_File_Upload -->
  <testcase name="testCase_20_NotificationMessage" time="0.0" classname="take_Home_WebDriver_Test.testCasePackage.WebDriverTest_01">
    <ignored/>
  </testcase> <!-- testCase_20_NotificationMessage -->
  <testcase name="testCase_09_DynamicContent" time="0.0" classname="take_Home_WebDriver_Test.testCasePackage.WebDriverTest_01">
    <ignored/>
  </testcase> <!-- testCase_09_DynamicContent -->
  <testcase name="testCase_19_OpenNewTab" time="0.0" classname="take_Home_WebDriver_Test.testCasePackage.WebDriverTest_01">
    <ignored/>
  </testcase> <!-- testCase_19_OpenNewTab -->
  <testcase name="testCase_15_IFrame" time="0.0" classname="take_Home_WebDriver_Test.testCasePackage.WebDriverTest_01">
    <ignored/>
  </testcase> <!-- testCase_15_IFrame -->
  <testcase name="testCase_16_Mouse_Hover" time="0.0" classname="take_Home_WebDriver_Test.testCasePackage.WebDriverTest_01">
    <ignored/>
  </testcase> <!-- testCase_16_Mouse_Hover -->
  <testcase name="testCase_04_uncheckToCheck" time="0.0" classname="take_Home_WebDriver_Test.testCasePackage.WebDriverTest_01">
    <ignored/>
  </testcase> <!-- testCase_04_uncheckToCheck -->
  <testcase name="testCase_18_JavaScriptErrors" time="0.0" classname="take_Home_WebDriver_Test.testCasePackage.WebDriverTest_01">
    <ignored/>
  </testcase> <!-- testCase_18_JavaScriptErrors -->
  <testcase name="testCase_06_Context_menu" time="0.0" classname="take_Home_WebDriver_Test.testCasePackage.WebDriverTest_01">
    <ignored/>
  </testcase> <!-- testCase_06_Context_menu -->
  <testcase name="testCase_02_wrongPasswordCredential" time="0.0" classname="take_Home_WebDriver_Test.testCasePackage.WebDriverTest_01">
    <ignored/>
  </testcase> <!-- testCase_02_wrongPasswordCredential -->
  <testcase name="testCase_03_wrongUserNameCredential" time="0.0" classname="take_Home_WebDriver_Test.testCasePackage.WebDriverTest_01">
    <ignored/>
  </testcase> <!-- testCase_03_wrongUserNameCredential -->
  <testcase name="testCase_12_File_DownLoad" time="0.0" classname="take_Home_WebDriver_Test.testCasePackage.WebDriverTest_01">
    <ignored/>
  </testcase> <!-- testCase_12_File_DownLoad -->
  <testcase name="testCase_07_DragAndDrop" time="0.0" classname="take_Home_WebDriver_Test.testCasePackage.WebDriverTest_01">
    <ignored/>
  </testcase> <!-- testCase_07_DragAndDrop -->
  <testcase name="testCase_10_Dynamic_Controls" time="0.0" classname="take_Home_WebDriver_Test.testCasePackage.WebDriverTest_01">
    <ignored/>
  </testcase> <!-- testCase_10_Dynamic_Controls -->
  <testcase name="testCase_05_checkToUnCheck" time="0.0" classname="take_Home_WebDriver_Test.testCasePackage.WebDriverTest_01">
    <ignored/>
  </testcase> <!-- testCase_05_checkToUnCheck -->
  <testcase name="testCase_08_Dropdown" time="0.0" classname="take_Home_WebDriver_Test.testCasePackage.WebDriverTest_01">
    <ignored/>
  </testcase> <!-- testCase_08_Dropdown -->
  <testcase name="testCase_14_Floating_Menu" time="0.0" classname="take_Home_WebDriver_Test.testCasePackage.WebDriverTest_01">
    <ignored/>
  </testcase> <!-- testCase_14_Floating_Menu -->
  <testcase name="testCase_17_JavaScriptAlerts" time="0.0" classname="take_Home_WebDriver_Test.testCasePackage.WebDriverTest_01">
    <ignored/>
  </testcase> <!-- testCase_17_JavaScriptAlerts -->
  <testcase name="testCase_13_Dynamic_Loading" time="0.0" classname="take_Home_WebDriver_Test.testCasePackage.WebDriverTest_01">
    <ignored/>
  </testcase> <!-- testCase_13_Dynamic_Loading -->
</testsuite> <!-- Default test -->
