<?xml version="1.0" encoding="UTF-8"?>
<!-- Generated by org.testng.reporters.JUnitReportReporter -->
<testsuite skipped="18" hostname="Nazmuls-MBP" name="take_Home_WebDriver_Test.testCasePackage.RawCodeDemoHomeTest" tests="19" failures="0" timestamp="2023-10-03T21:25:41 EDT" time="2.893" errors="1">
  <testcase name="demo_testCase_01_login" time="2.893" classname="take_Home_WebDriver_Test.testCasePackage.RawCodeDemoHomeTest">
    <error type="org.openqa.selenium.SessionNotCreatedException" message="Could not start a new session. Response code 500. Message: unknown error: cannot find Chrome binary 
Host info: host: &#039;Nazmuls-MBP&#039;, ip: &#039;fe80:0:0:0:50:5718:ca68:67c7%en0&#039;
Build info: version: &#039;4.13.0&#039;, revision: &#039;ba948ece5b*&#039;
System info: os.name: &#039;Mac OS X&#039;, os.arch: &#039;x86_64&#039;, os.version: &#039;14.0&#039;, java.version: &#039;1.8.0_321&#039;
Driver info: org.openqa.selenium.chrome.ChromeDriver
Command: [null, newSession {capabilities=[Capabilities {browserName: chrome, goog:chromeOptions: {args: [--remote-allow-origins=*], extensions: []}}]}]">
      <![CDATA[org.openqa.selenium.SessionNotCreatedException: Could not start a new session. Response code 500. Message: unknown error: cannot find Chrome binary 
Host info: host: 'Nazmuls-MBP', ip: 'fe80:0:0:0:50:5718:ca68:67c7%en0'
Build info: version: '4.13.0', revision: 'ba948ece5b*'
System info: os.name: 'Mac OS X', os.arch: 'x86_64', os.version: '14.0', java.version: '1.8.0_321'
Driver info: org.openqa.selenium.chrome.ChromeDriver
Command: [null, newSession {capabilities=[Capabilities {browserName: chrome, goog:chromeOptions: {args: [--remote-allow-origins=*], extensions: []}}]}]
at org.openqa.selenium.remote.ProtocolHandshake.createSession(ProtocolHandshake.java:140)
at org.openqa.selenium.remote.ProtocolHandshake.createSession(ProtocolHandshake.java:96)
at org.openqa.selenium.remote.ProtocolHandshake.createSession(ProtocolHandshake.java:68)
at org.openqa.selenium.remote.HttpCommandExecutor.execute(HttpCommandExecutor.java:163)
at org.openqa.selenium.remote.service.DriverCommandExecutor.invokeExecute(DriverCommandExecutor.java:196)
at org.openqa.selenium.remote.service.DriverCommandExecutor.execute(DriverCommandExecutor.java:171)
at org.openqa.selenium.remote.RemoteWebDriver.execute(RemoteWebDriver.java:602)
at org.openqa.selenium.remote.RemoteWebDriver.startSession(RemoteWebDriver.java:236)
at org.openqa.selenium.remote.RemoteWebDriver.<init>(RemoteWebDriver.java:163)
at org.openqa.selenium.chromium.ChromiumDriver.<init>(ChromiumDriver.java:108)
at org.openqa.selenium.chrome.ChromeDriver.<init>(ChromeDriver.java:88)
at org.openqa.selenium.chrome.ChromeDriver.<init>(ChromeDriver.java:83)
at org.openqa.selenium.chrome.ChromeDriver.<init>(ChromeDriver.java:51)
at take_Home_WebDriver_Test.testCasePackage.RawCodeDemoHomeTest.demo_testCase_01_login(RawCodeDemoHomeTest.java:38)
at sun.reflect.NativeMethodAccessorImpl.invoke0(Native Method)
at sun.reflect.NativeMethodAccessorImpl.invoke(NativeMethodAccessorImpl.java:62)
at sun.reflect.DelegatingMethodAccessorImpl.invoke(DelegatingMethodAccessorImpl.java:43)
at java.lang.reflect.Method.invoke(Method.java:498)
at org.testng.internal.MethodInvocationHelper.invokeMethod(MethodInvocationHelper.java:133)
at org.testng.internal.TestInvoker.invokeMethod(TestInvoker.java:598)
at org.testng.internal.TestInvoker.invokeTestMethod(TestInvoker.java:173)
at org.testng.internal.MethodRunner.runInSequence(MethodRunner.java:46)
at org.testng.internal.TestInvoker$MethodInvocationAgent.invoke(TestInvoker.java:824)
at org.testng.internal.TestInvoker.invokeTestMethods(TestInvoker.java:146)
at org.testng.internal.TestMethodWorker.invokeTestMethods(TestMethodWorker.java:146)
at org.testng.internal.TestMethodWorker.run(TestMethodWorker.java:128)
at java.util.ArrayList.forEach(ArrayList.java:1259)
at org.testng.TestRunner.privateRun(TestRunner.java:794)
at org.testng.TestRunner.run(TestRunner.java:596)
at org.testng.SuiteRunner.runTest(SuiteRunner.java:377)
at org.testng.SuiteRunner.runSequentially(SuiteRunner.java:371)
at org.testng.SuiteRunner.privateRun(SuiteRunner.java:332)
at org.testng.SuiteRunner.run(SuiteRunner.java:276)
at org.testng.SuiteRunnerWorker.runSuite(SuiteRunnerWorker.java:53)
at org.testng.SuiteRunnerWorker.run(SuiteRunnerWorker.java:96)
at org.testng.TestNG.runSuitesSequentially(TestNG.java:1212)
at org.testng.TestNG.runSuitesLocally(TestNG.java:1134)
at org.testng.TestNG.runSuites(TestNG.java:1063)
at org.testng.TestNG.run(TestNG.java:1031)
at org.testng.remote.AbstractRemoteTestNG.run(AbstractRemoteTestNG.java:115)
at org.testng.remote.RemoteTestNG.initAndRun(RemoteTestNG.java:251)
at org.testng.remote.RemoteTestNG.main(RemoteTestNG.java:77)
]]>
    </error>
  </testcase> <!-- demo_testCase_01_login -->
  <system-out/>
  <testcase name="demo_testCase_15_IFrame" classname="take_Home_WebDriver_Test.testCasePackage.RawCodeDemoHomeTest">
    <skipped/>
  </testcase> <!-- demo_testCase_15_IFrame -->
  <system-out/>
  <testcase name="demo_testCase_09_DynamicContent" classname="take_Home_WebDriver_Test.testCasePackage.RawCodeDemoHomeTest">
    <skipped/>
  </testcase> <!-- demo_testCase_09_DynamicContent -->
  <system-out/>
  <testcase name="demo_testCase_18_JavaScriptErrors" classname="take_Home_WebDriver_Test.testCasePackage.RawCodeDemoHomeTest">
    <skipped/>
  </testcase> <!-- demo_testCase_18_JavaScriptErrors -->
  <system-out/>
  <testcase name="demo_testCase_12_File_DownLoad" classname="take_Home_WebDriver_Test.testCasePackage.RawCodeDemoHomeTest">
    <skipped/>
  </testcase> <!-- demo_testCase_12_File_DownLoad -->
  <system-out/>
  <testcase name="demo_testCase_07_DragAndDrop" classname="take_Home_WebDriver_Test.testCasePackage.RawCodeDemoHomeTest">
    <skipped/>
  </testcase> <!-- demo_testCase_07_DragAndDrop -->
  <system-out/>
  <testcase name="demo_testCase_05_checkToUnCheck" classname="take_Home_WebDriver_Test.testCasePackage.RawCodeDemoHomeTest">
    <skipped/>
  </testcase> <!-- demo_testCase_05_checkToUnCheck -->
  <system-out/>
  <testcase name="demo_testCase_20_NotificationMessage" classname="take_Home_WebDriver_Test.testCasePackage.RawCodeDemoHomeTest">
    <skipped/>
  </testcase> <!-- demo_testCase_20_NotificationMessage -->
  <system-out/>
  <testcase name="demo_testCase_10_Dynamic_Controls" classname="take_Home_WebDriver_Test.testCasePackage.RawCodeDemoHomeTest">
    <skipped/>
  </testcase> <!-- demo_testCase_10_Dynamic_Controls -->
  <system-out/>
  <testcase name="demo_testCase_17_JavaScriptAlerts" classname="take_Home_WebDriver_Test.testCasePackage.RawCodeDemoHomeTest">
    <skipped/>
  </testcase> <!-- demo_testCase_17_JavaScriptAlerts -->
  <system-out/>
  <testcase name="demo_testCase_02_wrongPasswordCredential" classname="take_Home_WebDriver_Test.testCasePackage.RawCodeDemoHomeTest">
    <skipped/>
  </testcase> <!-- demo_testCase_02_wrongPasswordCredential -->
  <system-out/>
  <testcase name="demo_testCase_03_wrongUserNameCredential" classname="take_Home_WebDriver_Test.testCasePackage.RawCodeDemoHomeTest">
    <skipped/>
  </testcase> <!-- demo_testCase_03_wrongUserNameCredential -->
  <system-out/>
  <testcase name="demo_testCase_08_Dropdown" classname="take_Home_WebDriver_Test.testCasePackage.RawCodeDemoHomeTest">
    <skipped/>
  </testcase> <!-- demo_testCase_08_Dropdown -->
  <system-out/>
  <testcase name="demo_testCase_04_uncheckToCheck" classname="take_Home_WebDriver_Test.testCasePackage.RawCodeDemoHomeTest">
    <skipped/>
  </testcase> <!-- demo_testCase_04_uncheckToCheck -->
  <system-out/>
  <testcase name="demo_testCase_13_Dynamic_Loading" classname="take_Home_WebDriver_Test.testCasePackage.RawCodeDemoHomeTest">
    <skipped/>
  </testcase> <!-- demo_testCase_13_Dynamic_Loading -->
  <system-out/>
  <testcase name="demo_testCase_06_Context_menu" classname="take_Home_WebDriver_Test.testCasePackage.RawCodeDemoHomeTest">
    <skipped/>
  </testcase> <!-- demo_testCase_06_Context_menu -->
  <system-out/>
  <testcase name="demo_testCase_11_File_Upload" classname="take_Home_WebDriver_Test.testCasePackage.RawCodeDemoHomeTest">
    <skipped/>
  </testcase> <!-- demo_testCase_11_File_Upload -->
  <system-out/>
  <testcase name="demo_testCase_14_Floating_Menu" classname="take_Home_WebDriver_Test.testCasePackage.RawCodeDemoHomeTest">
    <skipped/>
  </testcase> <!-- demo_testCase_14_Floating_Menu -->
  <system-out/>
  <testcase name="demo_testCase_19_OpenNewTab" classname="take_Home_WebDriver_Test.testCasePackage.RawCodeDemoHomeTest">
    <skipped/>
  </testcase> <!-- demo_testCase_19_OpenNewTab -->
  <system-out/>
</testsuite> <!-- take_Home_WebDriver_Test.testCasePackage.RawCodeDemoHomeTest -->
